{"logTime": "0130/090222", "correlationVector":"V6QPOWAofsL8McmKfLaXs4.1","action":"SyncServerConnectionManagerRequest", "result":"SYNC_SERVER_OK", "context":{"environment":"Prod_SoutheastAsia_000j", "migrationStage":"NotStarted", "server":"GENERAL03000002"}}
{"logTime": "0130/090222", "correlationVector":"V6QPOWAofsL8McmKfLaXs4","action":"Initial GetUpdates", "result":"", "context":Reason: NEW_CLIENT. cV=V6QPOWAofsL8McmKfLaXs4}
{"logTime": "0130/090222", "correlationVector":"V6QPOWAofsL8McmKfLaXs4.2","action":"GetUpdates Response", "result":"SYNCER_OK", "context":Received 1 update(s). cV=V6QPOWAofsL8McmKfLaXs4.0;server=GENERAL03000002;cloudType=Consumer;environment=Prod_SoutheastAsia_000j;migrationStage=NotStarted}
{"logTime": "0130/090224", "correlationVector":"plLaiIPoY2GN3ar4L8gMsh","action":"SyncServerConnectionManagerRequest", "result":"SYNC_SERVER_OK", "context":{"environment":"", "migrationStage":"", "server":""}}
{"logTime": "0130/090224", "correlationVector":"8kkygREKVHUcCAs7lBDVUY","action":"Initial GetUpdates", "result":"", "context":Reason: NEW_CLIENT. cV=8kkygREKVHUcCAs7lBDVUY}
{"logTime": "0130/090224", "correlationVector":"8kkygREKVHUcCAs7lBDVUY.1","action":"SyncServerConnectionManagerRequest", "result":"SYNC_SERVER_OK", "context":{"environment":"Prod_SoutheastAsia_000j", "migrationStage":"NotStarted", "server":"GENERAL0300000V"}}
{"logTime": "0130/090224", "correlationVector":"8kkygREKVHUcCAs7lBDVUY.2","action":"GetUpdates Response", "result":"SYNCER_OK", "context":Received 34 update(s). cV=8kkygREKVHUcCAs7lBDVUY.0;server=GENERAL0300000V;cloudType=Consumer;environment=Prod_SoutheastAsia_000j;migrationStage=NotStarted}
{"logTime": "0130/090224", "correlationVector":"YY43WGzsjIYyKmtv4VGZ7n","action":"Initial GetUpdates", "result":"", "context":Reason: NEWLY_SUPPORTED_DATATYPE. cV=YY43WGzsjIYyKmtv4VGZ7n}
{"logTime": "0130/090225", "correlationVector":"YY43WGzsjIYyKmtv4VGZ7n.1","action":"SyncServerConnectionManagerRequest", "result":"SYNC_SERVER_OK", "context":{"environment":"Prod_SoutheastAsia_000j", "migrationStage":"NotStarted", "server":"GENERAL0300000W"}}
{"logTime": "0130/090225", "correlationVector":"YY43WGzsjIYyKmtv4VGZ7n.2","action":"GetUpdates Response", "result":"SYNCER_OK", "context":Received 5 update(s). cV=YY43WGzsjIYyKmtv4VGZ7n.0;server=GENERAL0300000W;cloudType=Consumer;environment=Prod_SoutheastAsia_000j;migrationStage=NotStarted}
{"logTime": "0130/090225", "correlationVector":"Th/yJqMhuUFZS07BZoSmrv","action":"Initial GetUpdates", "result":"", "context":Reason: NEWLY_SUPPORTED_DATATYPE. cV=Th/yJqMhuUFZS07BZoSmrv}
{"logTime": "0130/090225", "correlationVector":"Th/yJqMhuUFZS07BZoSmrv.1","action":"SyncServerConnectionManagerRequest", "result":"SYNC_SERVER_OK", "context":{"environment":"Prod_SoutheastAsia_000j", "migrationStage":"NotStarted", "server":"GENERAL03000007"}}
{"logTime": "0130/090225", "correlationVector":"Th/yJqMhuUFZS07BZoSmrv.2","action":"GetUpdates Response", "result":"SYNCER_OK", "context":Received 1 update(s). cV=Th/yJqMhuUFZS07BZoSmrv.0;server=GENERAL03000007;cloudType=Consumer;environment=Prod_SoutheastAsia_000j;migrationStage=NotStarted}
{"logTime": "0130/090225", "correlationVector":"JPRDnXRn56JQVOLZlE2mU6","action":"Normal GetUpdate request", "result":"", "context":cV=JPRDnXRn56JQVOLZlE2mU6
Nudged types: Device Info, User Consents
Refresh requested types: Bookmarks, Preferences, Passwords, Autofill Profiles, Autofill, Autofill Custom Data, Extensions, Extension settings, Device Info, User Consents, Send Tab To Self, Web Apps, Collection, Edge E Drop, Edge Hub App Usage, Edge Wallet, Encryption Keys}
{"logTime": "0130/090225", "correlationVector":"JPRDnXRn56JQVOLZlE2mU6.1","action":"SyncServerConnectionManagerRequest", "result":"SYNC_SERVER_OK", "context":{"environment":"Prod_SoutheastAsia_000j", "migrationStage":"NotStarted", "server":"GENERAL01000019"}}
{"logTime": "0130/090225", "correlationVector":"JPRDnXRn56JQVOLZlE2mU6.2","action":"GetUpdates Response", "result":"SYNCER_OK", "context":Received 0 update(s). cV=JPRDnXRn56JQVOLZlE2mU6.0;server=GENERAL01000019;cloudType=Consumer;environment=Prod_SoutheastAsia_000j;migrationStage=NotStarted}
{"logTime": "0130/090225", "correlationVector":"ceOB6ciSOEvHVnge3j6tAE","action":"Commit Request", "result":"", "context":Item count: 1
Contributing types: Device Info}
{"logTime": "0130/090225", "correlationVector":"ceOB6ciSOEvHVnge3j6tAE.1","action":"SyncServerConnectionManagerRequest", "result":"SYNC_SERVER_OK", "context":{"environment":"Prod_SoutheastAsia_000j", "migrationStage":"NotStarted", "server":"GENERAL03000007"}}
{"logTime": "0130/090225", "correlationVector":"ceOB6ciSOEvHVnge3j6tAE.2","action":"Commit Response", "result":"SYNCER_OK", "context":Result: SYNCER_OK. cV=ceOB6ciSOEvHVnge3j6tAE.0;server=GENERAL03000007;cloudType=Consumer;environment=Prod_SoutheastAsia_000j;migrationStage=NotStarted}
{"logTime": "0130/090225", "correlationVector":"44ROG1ROxXJepEfKh2MYpv","action":"Commit Request", "result":"", "context":Item count: 1
Contributing types: User Consents}
{"logTime": "0130/090226", "correlationVector":"44ROG1ROxXJepEfKh2MYpv.1","action":"SyncServerConnectionManagerRequest", "result":"SYNC_SERVER_OK", "context":{"environment":"Prod_SoutheastAsia_000j", "migrationStage":"NotStarted", "server":"GENERAL03000022"}}
{"logTime": "0130/090226", "correlationVector":"44ROG1ROxXJepEfKh2MYpv.2","action":"Commit Response", "result":"SYNCER_OK", "context":Result: SYNCER_OK. cV=44ROG1ROxXJepEfKh2MYpv.0;server=GENERAL03000022;cloudType=Consumer;environment=Prod_SoutheastAsia_000j;migrationStage=NotStarted}
{"logTime": "0130/090226", "correlationVector":"FyULPnEVnsroxnjnjdrmzI","action":"Normal GetUpdate request", "result":"", "context":cV=FyULPnEVnsroxnjnjdrmzI
Nudged types: Device Info}
{"logTime": "0130/090226", "correlationVector":"FyULPnEVnsroxnjnjdrmzI.1","action":"SyncServerConnectionManagerRequest", "result":"SYNC_SERVER_OK", "context":{"environment":"Prod_SoutheastAsia_000j", "migrationStage":"NotStarted", "server":"GENERAL0100000P"}}
{"logTime": "0130/090226", "correlationVector":"FyULPnEVnsroxnjnjdrmzI.2","action":"GetUpdates Response", "result":"SYNCER_OK", "context":Received 1 update(s). cV=FyULPnEVnsroxnjnjdrmzI.0;server=GENERAL0100000P;cloudType=Consumer;environment=Prod_SoutheastAsia_000j;migrationStage=NotStarted}
{"logTime": "0130/090248", "correlationVector":"IhJMXs0zvCswQ6WbFxirba","action":"Commit Request", "result":"", "context":Item count: 1
Contributing types: Preferences}
{"logTime": "0130/090248", "correlationVector":"IhJMXs0zvCswQ6WbFxirba.1","action":"SyncServerConnectionManagerRequest", "result":"SYNC_SERVER_OK", "context":{"environment":"Prod_SoutheastAsia_000j", "migrationStage":"NotStarted", "server":"GENERAL03000007"}}
{"logTime": "0130/090248", "correlationVector":"IhJMXs0zvCswQ6WbFxirba.2","action":"Commit Response", "result":"SYNCER_OK", "context":Result: SYNCER_OK. cV=IhJMXs0zvCswQ6WbFxirba.0;server=GENERAL03000007;cloudType=Consumer;environment=Prod_SoutheastAsia_000j;migrationStage=NotStarted}
{"logTime": "0130/090251", "correlationVector":"W9zI5z5WShPOwbOqnSDUPE","action":"Commit Request", "result":"", "context":Item count: 1
Contributing types: Preferences}
{"logTime": "0130/090251", "correlationVector":"W9zI5z5WShPOwbOqnSDUPE.1","action":"SyncServerConnectionManagerRequest", "result":"SYNC_SERVER_OK", "context":{"environment":"Prod_SoutheastAsia_000j", "migrationStage":"NotStarted", "server":"GENERAL0100000D"}}
{"logTime": "0130/090251", "correlationVector":"W9zI5z5WShPOwbOqnSDUPE.2","action":"Commit Response", "result":"SYNCER_OK", "context":Result: SYNCER_OK. cV=W9zI5z5WShPOwbOqnSDUPE.0;server=GENERAL0100000D;cloudType=Consumer;environment=Prod_SoutheastAsia_000j;migrationStage=NotStarted}
{"logTime": "0130/090721", "correlationVector":"j40p5G7Vte5qGaInRUn6wd","action":"Normal GetUpdate request", "result":"", "context":cV=j40p5G7Vte5qGaInRUn6wd
Refresh requested types: Bookmarks, Preferences, Passwords, Autofill Profiles, Autofill, Autofill Custom Data, Extensions, Extension settings, Device Info, User Consents, Send Tab To Self, Web Apps, Collection, Edge E Drop, Edge Hub App Usage, Edge Wallet, Encryption Keys}
{"logTime": "0130/090721", "correlationVector":"j40p5G7Vte5qGaInRUn6wd.1","action":"SyncServerConnectionManagerRequest", "result":"SYNC_SERVER_OK", "context":{"environment":"Prod_SoutheastAsia_000j", "migrationStage":"NotStarted", "server":"GENERAL03000002"}}
{"logTime": "0130/090721", "correlationVector":"j40p5G7Vte5qGaInRUn6wd.2","action":"GetUpdates Response", "result":"SYNCER_OK", "context":Received 1 update(s). cV=j40p5G7Vte5qGaInRUn6wd.0;server=GENERAL03000002;cloudType=Consumer;environment=Prod_SoutheastAsia_000j;migrationStage=NotStarted}
{"logTime": "0130/092622", "correlationVector":"fltbKBG+CfRpOxlYv7tAeo.1","action":"SyncServerConnectionManagerRequest", "result":"SYNC_SERVER_OK", "context":{"environment":"Prod_SoutheastAsia_000j", "migrationStage":"NotStarted", "server":"GENERAL0300001S"}}
{"logTime": "0130/092622", "correlationVector":"fltbKBG+CfRpOxlYv7tAeo","action":"Initial GetUpdates", "result":"", "context":Reason: NEW_CLIENT. cV=fltbKBG+CfRpOxlYv7tAeo}
{"logTime": "0130/092622", "correlationVector":"fltbKBG+CfRpOxlYv7tAeo.2","action":"GetUpdates Response", "result":"SYNCER_OK", "context":Received 1 update(s). cV=fltbKBG+CfRpOxlYv7tAeo.0;server=GENERAL0300001S;cloudType=Consumer;environment=Prod_SoutheastAsia_000j;migrationStage=NotStarted}
{"logTime": "0130/092622", "correlationVector":"FHYckZkhhW5mF9a49OnoW1","action":"Normal GetUpdate request", "result":"", "context":cV=FHYckZkhhW5mF9a49OnoW1
Refresh requested types: Bookmarks, Preferences, Passwords, Autofill Profiles, Autofill, Autofill Custom Data, Extensions, Extension settings, Device Info, User Consents, Send Tab To Self, Web Apps, Collection, Edge E Drop, Edge Hub App Usage, Edge Wallet, Encryption Keys}
{"logTime": "0130/092622", "correlationVector":"FHYckZkhhW5mF9a49OnoW1.1","action":"SyncServerConnectionManagerRequest", "result":"SYNC_SERVER_OK", "context":{"environment":"Prod_SoutheastAsia_000j", "migrationStage":"NotStarted", "server":"GENERAL01000016"}}
{"logTime": "0130/092622", "correlationVector":"FHYckZkhhW5mF9a49OnoW1.2","action":"GetUpdates Response", "result":"SYNCER_OK", "context":Received 0 update(s). cV=FHYckZkhhW5mF9a49OnoW1.0;server=GENERAL01000016;cloudType=Consumer;environment=Prod_SoutheastAsia_000j;migrationStage=NotStarted}
{"logTime": "0130/092623", "correlationVector":"XQuqrEOPrVejnnk6lYoaJ/","action":"SyncServerConnectionManagerRequest", "result":"SYNC_SERVER_OK", "context":{"environment":"", "migrationStage":"", "server":""}}
{"logTime": "0130/092623", "correlationVector":"l/YfBZfaSpqgLxNVrubZp4","action":"Initial GetUpdates", "result":"", "context":Reason: RECONFIGURATION. cV=l/YfBZfaSpqgLxNVrubZp4}
{"logTime": "0130/092623", "correlationVector":"l/YfBZfaSpqgLxNVrubZp4.1","action":"SyncServerConnectionManagerRequest", "result":"SYNC_SERVER_OK", "context":{"environment":"Prod_SoutheastAsia_000j", "migrationStage":"NotStarted", "server":"GENERAL0300000W"}}
{"logTime": "0130/092623", "correlationVector":"l/YfBZfaSpqgLxNVrubZp4.2","action":"GetUpdates", "result":"DeleteReceived", "context":{"id":"a24ac912-2421-45be-8567-8cee7d8a56d8", "isDeleted:":"true", "version":"1706539390152"}}
{"logTime": "0130/092623", "correlationVector":"l/YfBZfaSpqgLxNVrubZp4.3","action":"GetUpdates", "result":"DeleteReceived", "context":{"id":"2b546371-f49b-4c61-8483-e0b564f77d29", "isDeleted:":"true", "version":"1706540432128"}}
{"logTime": "0130/092623", "correlationVector":"l/YfBZfaSpqgLxNVrubZp4.4","action":"GetUpdates", "result":"DeleteReceived", "context":{"id":"e4ccec21-df7b-468a-a1a6-e9a5d5c24b0d", "isDeleted:":"true", "version":"1706540638937"}}
{"logTime": "0130/092623", "correlationVector":"l/YfBZfaSpqgLxNVrubZp4.5","action":"GetUpdates Response", "result":"SYNCER_OK", "context":Received 13 update(s). cV=l/YfBZfaSpqgLxNVrubZp4.0;server=GENERAL0300000W;cloudType=Consumer;environment=Prod_SoutheastAsia_000j;migrationStage=NotStarted}
{"logTime": "0130/092623", "correlationVector":"TCCXDUAfRFOALyyQMclIe9","action":"Normal GetUpdate request", "result":"", "context":cV=TCCXDUAfRFOALyyQMclIe9
Nudged types: Sessions, Device Info
Refresh requested types: Bookmarks, Preferences, Passwords, Autofill Profiles, Autofill, Autofill Custom Data, Typed URLs, Extensions, Sessions, Extension settings, History Delete Directives, Device Info, User Consents, Send Tab To Self, Web Apps, Collection, Edge E Drop, Edge Hub App Usage, Edge Wallet, Encryption Keys}
{"logTime": "0130/092623", "correlationVector":"TCCXDUAfRFOALyyQMclIe9.1","action":"SyncServerConnectionManagerRequest", "result":"SYNC_SERVER_OK", "context":{"environment":"Prod_SoutheastAsia_000j", "migrationStage":"NotStarted", "server":"GENERAL0100000Z"}}
{"logTime": "0130/092623", "correlationVector":"TCCXDUAfRFOALyyQMclIe9.2","action":"GetUpdates Response", "result":"SYNCER_OK", "context":Received 0 update(s). cV=TCCXDUAfRFOALyyQMclIe9.0;server=GENERAL0100000Z;cloudType=Consumer;environment=Prod_SoutheastAsia_000j;migrationStage=NotStarted}
{"logTime": "0130/092623", "correlationVector":"g1TpeQqhqzEfaaSmPwen4f","action":"Commit Request", "result":"", "context":Item count: 1
Contributing types: Device Info}
{"logTime": "0130/092623", "correlationVector":"g1TpeQqhqzEfaaSmPwen4f.1","action":"SyncServerConnectionManagerRequest", "result":"SYNC_SERVER_OK", "context":{"environment":"Prod_SoutheastAsia_000j", "migrationStage":"NotStarted", "server":"GENERAL03000018"}}
{"logTime": "0130/092623", "correlationVector":"g1TpeQqhqzEfaaSmPwen4f.2","action":"Commit Response", "result":"SYNCER_OK", "context":Result: SYNCER_OK. cV=g1TpeQqhqzEfaaSmPwen4f.0;server=GENERAL03000018;cloudType=Consumer;environment=Prod_SoutheastAsia_000j;migrationStage=NotStarted}
{"logTime": "0130/092623", "correlationVector":"TWi74VNVdicQKgY7pilXYW","action":"Commit Request", "result":"", "context":Item count: 2
Contributing types: Sessions}
{"logTime": "0130/092623", "correlationVector":"TWi74VNVdicQKgY7pilXYW.1","action":"SyncServerConnectionManagerRequest", "result":"SYNC_SERVER_OK", "context":{"environment":"Prod_SoutheastAsia_000j", "migrationStage":"NotStarted", "server":"GENERAL0300002E"}}
{"logTime": "0130/092623", "correlationVector":"TWi74VNVdicQKgY7pilXYW.2","action":"Commit Response", "result":"SYNCER_OK", "context":Result: SYNCER_OK. cV=TWi74VNVdicQKgY7pilXYW.0;server=GENERAL0300002E;cloudType=Consumer;environment=Prod_SoutheastAsia_000j;migrationStage=NotStarted}
{"logTime": "0130/092636", "correlationVector":"ym7qD56z9l8fmTrilo1Sug","action":"Commit Request", "result":"", "context":Item count: 1
Contributing types: Preferences}
{"logTime": "0130/092636", "correlationVector":"ym7qD56z9l8fmTrilo1Sug.1","action":"SyncServerConnectionManagerRequest", "result":"SYNC_SERVER_OK", "context":{"environment":"Prod_SoutheastAsia_000j", "migrationStage":"NotStarted", "server":"GENERAL03000024"}}
{"logTime": "0130/092636", "correlationVector":"ym7qD56z9l8fmTrilo1Sug.2","action":"Commit Response", "result":"SYNCER_OK", "context":Result: SYNCER_OK. cV=ym7qD56z9l8fmTrilo1Sug.0;server=GENERAL03000024;cloudType=Consumer;environment=Prod_SoutheastAsia_000j;migrationStage=NotStarted}
{"logTime": "0130/093113", "correlationVector":"fh82+rph18T+UPvAwHnMFP","action":"Normal GetUpdate request", "result":"", "context":cV=fh82+rph18T+UPvAwHnMFP
Refresh requested types: Bookmarks, Preferences, Passwords, Autofill Profiles, Autofill, Autofill Custom Data, Typed URLs, Extensions, Sessions, Extension settings, History Delete Directives, Device Info, User Consents, Send Tab To Self, Web Apps, Collection, Edge E Drop, Edge Hub App Usage, Edge Wallet, Encryption Keys}
{"logTime": "0130/093113", "correlationVector":"fh82+rph18T+UPvAwHnMFP.1","action":"SyncServerConnectionManagerRequest", "result":"SYNC_SERVER_OK", "context":{"environment":"Prod_SoutheastAsia_000j", "migrationStage":"NotStarted", "server":"GENERAL0100001H"}}
{"logTime": "0130/093113", "correlationVector":"fh82+rph18T+UPvAwHnMFP.2","action":"GetUpdates Response", "result":"SYNCER_OK", "context":Received 4 update(s). cV=fh82+rph18T+UPvAwHnMFP.0;server=GENERAL0100001H;cloudType=Consumer;environment=Prod_SoutheastAsia_000j;migrationStage=NotStarted}
